PentaLogix - AptConvert Error File -

Error number 4:
Unrecognized shape line 33
D13	RECT    W=1.7018mm            H=0.4572mm                                  FLASH
in E:\GIT\LGT\1-LGT8F328\HDK\LGT8F328P-SSOP20-USBDEMO\GERBER\LAYOUT - CADCAM READ-ME.TXT.

Error number 4:
Unrecognized shape line 34
D14	RECT    W=1.4732mm            H=2.3876mm                                  FLASH
in E:\GIT\LGT\1-LGT8F328\HDK\LGT8F328P-SSOP20-USBDEMO\GERBER\LAYOUT - CADCAM READ-ME.TXT.

Error number 4:
Unrecognized shape line 35
D15	RECT    W=1.016mm             H=1.27mm                                    FLASH
in E:\GIT\LGT\1-LGT8F328\HDK\LGT8F328P-SSOP20-USBDEMO\GERBER\LAYOUT - CADCAM READ-ME.TXT.

Error number 4:
Unrecognized shape line 36
D16	RECT    W=0.9906mm            H=1.397mm                                   FLASH
in E:\GIT\LGT\1-LGT8F328\HDK\LGT8F328P-SSOP20-USBDEMO\GERBER\LAYOUT - CADCAM READ-ME.TXT.

Error number 4:
Unrecognized shape line 38
D18	RECT    W=2.9972mm            H=0.9906mm                                  FLASH
in E:\GIT\LGT\1-LGT8F328\HDK\LGT8F328P-SSOP20-USBDEMO\GERBER\LAYOUT - CADCAM READ-ME.TXT.

Error number 4:
Unrecognized shape line 41
D71	RECT    W=0.8382mm            H=0.508mm                                   FLASH
in E:\GIT\LGT\1-LGT8F328\HDK\LGT8F328P-SSOP20-USBDEMO\GERBER\LAYOUT - CADCAM READ-ME.TXT.

Error number 4:
Unrecognized shape line 49
D27	PPAD    W=1.7018mm            H=0.4572mm            I=0                   FLASH
in E:\GIT\LGT\1-LGT8F328\HDK\LGT8F328P-SSOP20-USBDEMO\GERBER\LAYOUT - CADCAM READ-ME.TXT.

Error number 4:
Unrecognized shape line 50
D28	PPAD    W=1.7272mm            H=2.6416mm            I=1                   FLASH
in E:\GIT\LGT\1-LGT8F328\HDK\LGT8F328P-SSOP20-USBDEMO\GERBER\LAYOUT - CADCAM READ-ME.TXT.

Error number 4:
Unrecognized shape line 51
D29	PPAD    W=1.27mm              H=1.524mm             I=2                   FLASH
in E:\GIT\LGT\1-LGT8F328\HDK\LGT8F328P-SSOP20-USBDEMO\GERBER\LAYOUT - CADCAM READ-ME.TXT.

Error number 4:
Unrecognized shape line 52
D72	PPAD    W=0.9906mm            H=1.397mm             I=3                   FLASH
in E:\GIT\LGT\1-LGT8F328\HDK\LGT8F328P-SSOP20-USBDEMO\GERBER\LAYOUT - CADCAM READ-ME.TXT.

Error number 4:
Unrecognized shape line 53
D73	PPAD    W=1.143mm             H=1.143mm             I=4                   FLASH
in E:\GIT\LGT\1-LGT8F328\HDK\LGT8F328P-SSOP20-USBDEMO\GERBER\LAYOUT - CADCAM READ-ME.TXT.

Error number 4:
Unrecognized shape line 54
D30	PPAD    W=2.9972mm            H=0.9906mm            I=5                   FLASH
in E:\GIT\LGT\1-LGT8F328\HDK\LGT8F328P-SSOP20-USBDEMO\GERBER\LAYOUT - CADCAM READ-ME.TXT.

Error number 4:
Unrecognized shape line 55
D31	PPAD    W=0.8382mm            H=0.508mm             I=6                   FLASH
in E:\GIT\LGT\1-LGT8F328\HDK\LGT8F328P-SSOP20-USBDEMO\GERBER\LAYOUT - CADCAM READ-ME.TXT.

Error number 4:
Unrecognized shape line 57
D33	PPAD    W=2.286mm             H=2.286mm             I=7                   FLASH
in E:\GIT\LGT\1-LGT8F328\HDK\LGT8F328P-SSOP20-USBDEMO\GERBER\LAYOUT - CADCAM READ-ME.TXT.

Error number 4:
Unrecognized shape line 58
D34	PPAD    W=2.286mm             H=2.286mm             I=8                   FLASH
in E:\GIT\LGT\1-LGT8F328\HDK\LGT8F328P-SSOP20-USBDEMO\GERBER\LAYOUT - CADCAM READ-ME.TXT.

Error number 4:
Unrecognized shape line 59
D35	PPAD    W=1.143mm             H=1.143mm             I=9                   FLASH
in E:\GIT\LGT\1-LGT8F328\HDK\LGT8F328P-SSOP20-USBDEMO\GERBER\LAYOUT - CADCAM READ-ME.TXT.

Format = Ap Source 43
Choose units = mils
All aperture files use same units (Wildcard) = False
Units for aperture list defined = False
Macro running = True
Macro units not defined in file
Macro record string dump:
FileName=E:\Git\LGT\1-LGT8F328\HDK\LGT8F328P-SSOP20-USBDEMO\Gerber\Layout - CADCAM READ-ME.TXT, AutoLoad=False
